Unable to capture context for thread 30280 in process 27128, can not generate back trace
Unable to capture context for thread 21744 in process 27128, can not generate back trace
Unable to capture context for thread 23020 in process 27128, can not generate back trace
Unable to capture context for thread 4364 in process 27128, can not generate back trace
Unable to capture context for thread 19452 in process 27128, can not generate back trace
Unable to capture context for thread 14000 in process 27128, can not generate back trace
Exception at PC 0x00007FFA54AEBB93
Printing stacktrace...

Unable to capture context for thread 30280 in process 27128, can not generate back trace
Unable to capture context for thread 21744 in process 27128, can not generate back trace
Unable to capture context for thread 23020 in process 27128, can not generate back trace
Unable to capture context for thread 4364 in process 27128, can not generate back trace
Unable to capture context for thread 14000 in process 27128, can not generate back trace
Exception at PC 0x00007FFB5E1F531C
Exception at PC 0x00007FFB5E1F531C
Exception at PC 0x00007FFB5E1F531C
Exception at PC 0x00007FFB5E1F531C
Exception at PC 0x00007FFB5E1F531C
Exception at PC 0x00007FFB5E1F531C
Exception at PC 0x00007FFB5E1F531C
Exception at PC 0x00007FFB5E1F531C
Exception at PC 0x00007FFB5E1F531C
Exception at PC 0x00007FFB5E1F531C
Exception at PC 0x00007FFB5E1F531C
[0]  [0x00007FFA54AEBB93]
[1]  [0x00007FFA54AEBB93]
[2]  [0x00007FFA54AEB4A1]
[3]  [0x00007FFA54AEB459]
[4]  [0x00007FFA54AD19FE]
[5]  [0x00007FFA54AD0ED1]
[6]  [0x00007FFA54AD0D76]
[7]  [0x00007FFA54A779F6]
[8]  [0x00007FFA54A67AFB]
[9]  [0x00007FFA54B8E90A]
[10]  [0x00007FFA54BA9F87]
[11]  [0x00007FFA54BAA05F]
[12] (BaseThreadInitThunk+0x1d) [0x00007FFB5F89257D]
[13] (RtlUserThreadStart+0x28) [0x00007FFB6088AA68]
Done
Exception at PC 0x00007FFB5E1F531C
Exception at PC 0x00007FFB5E1F531C
Exception at PC 0x00007FFB5E1F531C
Exception at PC 0x00007FFB5E1F531C
Exception at PC 0x00007FFB5E1F531C
Exception at PC 0x00007FFB5E1F531C
Exception at PC 0x00007FFB5E1F531C
